Using pre-set license
Built from '2020.2/release' branch; Version is '2020.2.0f1 (3721df5a8b28) revision 3613151'; Using compiler version '192528614'; Build Type 'Release'
OS: 'Windows 10  (10.0.0) 64bit' Language: 'fr' Physical Memory: 8068 MB
BatchMode: 1, IsHumanControllingUs: 0, StartBugReporterOnCrash: 0, Is64bit: 1, IsPro: 0

 COMMAND LINE ARGUMENTS:
C:\Program Files\Unity\Hub\Editor\2019.4.2f1\Editor\2020.2.0f1\Editor\Unity.exe
-adb2
-batchMode
-noUpm
-name
AssetImportWorker2
-projectPath
C:/Users/DELL/Desktop/Nouveau dossier/Builds3D
-logFile
Logs/AssetImportWorker2.log
-srvPort
59425
Successfully changed project path to: C:/Users/DELL/Desktop/Nouveau dossier/Builds3D
C:/Users/DELL/Desktop/Nouveau dossier/Builds3D
Using Asset Import Pipeline V2.
Refreshing native plugins compatible for Editor in 302.72 ms, found 0 plugins.
Preloading 0 native plugins for Editor in 0.00 ms.
Initialize engine version: 2020.2.0f1 (3721df5a8b28)
[Subsystems] Discovering subsystems at path C:/Program Files/Unity/Hub/Editor/2019.4.2f1/Editor/2020.2.0f1/Editor/Data/Resources/UnitySubsystems
[Subsystems] Discovering subsystems at path C:/Users/DELL/Desktop/Nouveau dossier/Builds3D/Assets
GfxDevice: creating device client; threaded=0
Direct3D:
    Version:  Direct3D 11.0 [level 11.1]
    Renderer: Intel(R) UHD Graphics 620 (ID=0x3ea0)
    Vendor:   
    VRAM:     4034 MB
    Driver:   27.20.100.8935
Initialize mono
Mono path[0] = 'C:/Program Files/Unity/Hub/Editor/2019.4.2f1/Editor/2020.2.0f1/Editor/Data/Managed'
Mono path[1] = 'C:/Program Files/Unity/Hub/Editor/2019.4.2f1/Editor/2020.2.0f1/Editor/Data/MonoBleedingEdge/lib/mono/unityjit'
Mono config path = 'C:/Program Files/Unity/Hub/Editor/2019.4.2f1/Editor/2020.2.0f1/Editor/Data/MonoBleedingEdge/etc'
Using monoOptions --debugger-agent=transport=dt_socket,embedding=1,server=y,suspend=n,address=127.0.0.1:56080
Begin MonoManager ReloadAssembly
Registering precompiled unity dll's ...
Register platform support module: C:/Program Files/Unity/Hub/Editor/2019.4.2f1/Editor/2020.2.0f1/Editor/Data/PlaybackEngines/WindowsStandaloneSupport/UnityEditor.WindowsStandalone.Extensions.dll
Registered in 0.036710 seconds.
Native extension for WindowsStandalone target not found
Refreshing native plugins compatible for Editor in 61.86 ms, found 0 plugins.
Preloading 0 native plugins for Editor in 0.00 ms.
Invoked RoslynAnalysisRunner static constructor.
RoslynAnalysisRunner will not be running.
RoslynAnalysisRunner has terminated.
Mono: successfully reloaded assembly
- Completed reload, in  6.703 seconds
Platform modules already initialized, skipping
Registering precompiled user dll's ...
Registered in 0.001178 seconds.
Begin MonoManager ReloadAssembly
Native extension for WindowsStandalone target not found
Refreshing native plugins compatible for Editor in 0.78 ms, found 0 plugins.
Preloading 0 native plugins for Editor in 0.00 ms.
Invoked RoslynAnalysisRunner static constructor.
RoslynAnalysisRunner will not be running.
RoslynAnalysisRunner has terminated.
Mono: successfully reloaded assembly
- Completed reload, in  3.445 seconds
Platform modules already initialized, skipping
========================================================================
Worker process is ready to serve import requests
Launched and connected shader compiler UnityShaderCompiler.exe after 0.24 seconds
Refreshing native plugins compatible for Editor in 0.71 ms, found 0 plugins.
Preloading 0 native plugins for Editor in 0.00 ms.
Unloading 1089 Unused Serialized files (Serialized files now loaded: 0)
System memory in use before: 70.3 MB.
System memory in use after: 70.3 MB.

Unloading 9 unused Assets to reduce memory usage. Loaded Objects now: 1559.
Total: 2.333000 ms (FindLiveObjects: 0.304000 ms CreateObjectMapping: 0.099400 ms MarkObjects: 1.767500 ms  DeleteObjects: 0.160100 ms)

========================================================================
Received Import Request.
  path: Assets/Project/Inside/texture/sofa2/Materials/Leather009_1K_Color.mat
  artifactKey: Guid(55c24b6cc06235b44b1630127bff86f2) Importer(815301076,1909f56bfc062723c751e8b465ee728b)
Start importing Assets/Project/Inside/texture/sofa2/Materials/Leather009_1K_Color.mat using Guid(55c24b6cc06235b44b1630127bff86f2) Importer(815301076,1909f56bfc062723c751e8b465ee728b)  -> (artifact id: '3dac2ee889b5038c6a5fd87198557041') in 0.730717 seconds
  Import took 0.748248 seconds .

========================================================================
Received Import Request.
  Time since last request: 0.000487 seconds.
  path: Assets/Project/Immeuble/texture123456/New Material.mat
  artifactKey: Guid(2c55cf2550464354981071db482cd54f) Importer(815301076,1909f56bfc062723c751e8b465ee728b)
Start importing Assets/Project/Immeuble/texture123456/New Material.mat using Guid(2c55cf2550464354981071db482cd54f) Importer(815301076,1909f56bfc062723c751e8b465ee728b)  -> (artifact id: 'f68df08957fdb04d724816ecc57b397d') in 0.126705 seconds
  Import took 0.170939 seconds .

========================================================================
Received Import Request.
  Time since last request: 0.000288 seconds.
  path: Assets/Project/Prefabs/Carpet.blend
  artifactKey: Guid(e190de630829a7841858ce6e70217497) Importer(815301076,1909f56bfc062723c751e8b465ee728b)
Start importing Assets/Project/Prefabs/Carpet.blend using Guid(e190de630829a7841858ce6e70217497) Importer(815301076,1909f56bfc062723c751e8b465ee728b)  -> (artifact id: '8412f78611da72a4a9b22af573bc87c9') in 0.391498 seconds
  Import took 0.419350 seconds .

========================================================================
Received Import Request.
  Time since last request: 0.000260 seconds.
  path: Assets/Project/Inside/assets/Nightstand.fbx
  artifactKey: Guid(e4e40792629b5eb4ea0da5e55fedbdd0) Importer(815301076,1909f56bfc062723c751e8b465ee728b)
Start importing Assets/Project/Inside/assets/Nightstand.fbx using Guid(e4e40792629b5eb4ea0da5e55fedbdd0) Importer(815301076,1909f56bfc062723c751e8b465ee728b)  -> (artifact id: '0816449923c940b0d7c3f93415122e56') in 0.697797 seconds
  Import took 0.703734 seconds .

========================================================================
Received Import Request.
  Time since last request: 0.000309 seconds.
  path: Assets/Free_SpeedTrees/Broadleaf_Mobile Materials/LOD1/Leaves_1.mat
  artifactKey: Guid(9befd7faa73a3a04487a165e7fcc302e) Importer(815301076,1909f56bfc062723c751e8b465ee728b)
Start importing Assets/Free_SpeedTrees/Broadleaf_Mobile Materials/LOD1/Leaves_1.mat using Guid(9befd7faa73a3a04487a165e7fcc302e) Importer(815301076,1909f56bfc062723c751e8b465ee728b)  -> (artifact id: '451302b9f29adda84445ed8e13a90a51') in 0.520594 seconds
  Import took 0.525154 seconds .

========================================================================
Received Import Request.
  Time since last request: 0.000295 seconds.
  path: Assets/Free_SpeedTrees/Broadleaf_Mobile Materials/LOD2/Leaves_1.mat
  artifactKey: Guid(e31e34fb48abf2145b94a1e8eae61b4a) Importer(815301076,1909f56bfc062723c751e8b465ee728b)
Start importing Assets/Free_SpeedTrees/Broadleaf_Mobile Materials/LOD2/Leaves_1.mat using Guid(e31e34fb48abf2145b94a1e8eae61b4a) Importer(815301076,1909f56bfc062723c751e8b465ee728b)  -> (artifact id: '15be1f40fa5365ae81dbcf06f6504d8a') in 0.057238 seconds
  Import took 0.106003 seconds .

========================================================================
Received Import Request.
  Time since last request: 0.000388 seconds.
  path: Assets/Project/Inside/texture/marble noir/Materials/Marble016_1K_Color.mat
  artifactKey: Guid(877fc003e1a4be74bb51659b55159693) Importer(815301076,1909f56bfc062723c751e8b465ee728b)
Start importing Assets/Project/Inside/texture/marble noir/Materials/Marble016_1K_Color.mat using Guid(877fc003e1a4be74bb51659b55159693) Importer(815301076,1909f56bfc062723c751e8b465ee728b)  -> (artifact id: '4acdce55a45ba0b979f6a0b400cc48c6') in 0.156769 seconds
  Import took 0.180477 seconds .

========================================================================
Received Import Request.
  Time since last request: 0.000690 seconds.
  path: Assets/Project/Inside/assets/closetsingel.fbx
  artifactKey: Guid(7a2907b78c6b20240b8793bf1f3cd64e) Importer(815301076,1909f56bfc062723c751e8b465ee728b)
Start importing Assets/Project/Inside/assets/closetsingel.fbx using Guid(7a2907b78c6b20240b8793bf1f3cd64e) Importer(815301076,1909f56bfc062723c751e8b465ee728b)  -> (artifact id: '3a212cff4a85e83a55c42ebb7a13860f') in 0.451167 seconds
  Import took 0.458888 seconds .

========================================================================
Received Import Request.
  Time since last request: 0.000273 seconds.
  path: Assets/Project/Inside/texture/r5am/Materials/Marble015_1K_Color.mat
  artifactKey: Guid(4dcf496ba638e6340ba2c6583a4f574f) Importer(815301076,1909f56bfc062723c751e8b465ee728b)
Start importing Assets/Project/Inside/texture/r5am/Materials/Marble015_1K_Color.mat using Guid(4dcf496ba638e6340ba2c6583a4f574f) Importer(815301076,1909f56bfc062723c751e8b465ee728b)  -> (artifact id: '39aa8ffc15f72c828dd0ffe44810aa08') in 0.392554 seconds
  Import took 0.398310 seconds .

========================================================================
Received Import Request.
  Time since last request: 0.000288 seconds.
  path: Assets/Project/Prefabs/HCA 460 Bucket_v04.OBJ
  artifactKey: Guid(2a7ac408eccbe9140b9fe6d683a288cc) Importer(815301076,1909f56bfc062723c751e8b465ee728b)
Start importing Assets/Project/Prefabs/HCA 460 Bucket_v04.OBJ using Guid(2a7ac408eccbe9140b9fe6d683a288cc) Importer(815301076,1909f56bfc062723c751e8b465ee728b)  -> (artifact id: 'f9acb754ef425e93edc1a7daea9dbc29') in 0.432931 seconds
  Import took 0.452379 seconds .

========================================================================
Received Import Request.
  Time since last request: 0.000356 seconds.
  path: Assets/Project/Inside/Material/metal.mat
  artifactKey: Guid(3f6ac551721fb4c4c965317981ab448b) Importer(815301076,1909f56bfc062723c751e8b465ee728b)
Start importing Assets/Project/Inside/Material/metal.mat using Guid(3f6ac551721fb4c4c965317981ab448b) Importer(815301076,1909f56bfc062723c751e8b465ee728b)  -> (artifact id: '36bc405cef6b9531c99e651debf41ebb') in 0.210634 seconds
  Import took 0.216417 seconds .

========================================================================
Received Import Request.
  Time since last request: 0.000288 seconds.
  path: Assets/Project/Inside/Material/New Material 1.mat
  artifactKey: Guid(8d4d17a88c080f2499084d0df81bc57a) Importer(815301076,1909f56bfc062723c751e8b465ee728b)
Start importing Assets/Project/Inside/Material/New Material 1.mat using Guid(8d4d17a88c080f2499084d0df81bc57a) Importer(815301076,1909f56bfc062723c751e8b465ee728b)  -> (artifact id: 'b05f3c1c36f4a0fb7cd1ea631051c552') in 0.094054 seconds
  Import took 0.119521 seconds .

========================================================================
Received Import Request.
  Time since last request: 0.000302 seconds.
  path: Assets/Project/Materials/Kitchen Materials/Kitchen 01.mat
  artifactKey: Guid(05946f7076803a7478741958f788cd84) Importer(815301076,1909f56bfc062723c751e8b465ee728b)
Start importing Assets/Project/Materials/Kitchen Materials/Kitchen 01.mat using Guid(05946f7076803a7478741958f788cd84) Importer(815301076,1909f56bfc062723c751e8b465ee728b)  -> (artifact id: '7aa196616379d32a84d6611baf827599') in 0.243812 seconds
  Import took 0.285847 seconds .

========================================================================
Received Import Request.
  Time since last request: 0.000283 seconds.
  path: Assets/Project/Materials/Electronics Materials/Lamp.mat
  artifactKey: Guid(26e29f038a0476f4dae30cd8b1e42829) Importer(815301076,1909f56bfc062723c751e8b465ee728b)
Start importing Assets/Project/Materials/Electronics Materials/Lamp.mat using Guid(26e29f038a0476f4dae30cd8b1e42829) Importer(815301076,1909f56bfc062723c751e8b465ee728b)  -> (artifact id: '67c7ffa23bbf52c86f02e68abe97494a') in 0.275711 seconds
  Import took 0.282575 seconds .

========================================================================
Received Import Request.
  Time since last request: 0.000581 seconds.
  path: Assets/Free_SpeedTrees/Conifer_Desktop Materials/LOD2/Leaves_3.mat
  artifactKey: Guid(fbc2f30430d3a444c982612151bac8e6) Importer(815301076,1909f56bfc062723c751e8b465ee728b)
Start importing Assets/Free_SpeedTrees/Conifer_Desktop Materials/LOD2/Leaves_3.mat using Guid(fbc2f30430d3a444c982612151bac8e6) Importer(815301076,1909f56bfc062723c751e8b465ee728b)  -> (artifact id: 'd0fb1ed0f682733087c3412cfaffef63') in 0.224101 seconds
  Import took 0.252276 seconds .

========================================================================
Received Import Request.
  Time since last request: 0.001139 seconds.
  path: Assets/Project/Inside/texture/marble noir/Materials/Marble016_1K_Normal.mat
  artifactKey: Guid(a91b14df502f26f4291753911f8711b1) Importer(815301076,1909f56bfc062723c751e8b465ee728b)
Start importing Assets/Project/Inside/texture/marble noir/Materials/Marble016_1K_Normal.mat using Guid(a91b14df502f26f4291753911f8711b1) Importer(815301076,1909f56bfc062723c751e8b465ee728b)  -> (artifact id: '7d77ff30acefc389cbe2c66ae35a4ea2') in 0.153072 seconds
  Import took 0.158936 seconds .

========================================================================
Received Import Request.
  Time since last request: 0.001670 seconds.
  path: Assets/Project/Inside/assets/wall4.fbx
  artifactKey: Guid(5abd226e56c902a49b1a5eb0b981a1e7) Importer(815301076,1909f56bfc062723c751e8b465ee728b)
Start importing Assets/Project/Inside/assets/wall4.fbx using Guid(5abd226e56c902a49b1a5eb0b981a1e7) Importer(815301076,1909f56bfc062723c751e8b465ee728b)  -> (artifact id: 'c064d78d22688317d59832c9d4bff96f') in 0.144734 seconds
  Import took 0.206267 seconds .

========================================================================
Received Import Request.
  Time since last request: 0.000289 seconds.
  path: Assets/Modular Sofa FREE/Prefabs/Sketchfab_2021_05_23_13_31_04.blend
  artifactKey: Guid(cefb1bbc4221ac943a7330dc121e8d1a) Importer(815301076,1909f56bfc062723c751e8b465ee728b)
Start importing Assets/Modular Sofa FREE/Prefabs/Sketchfab_2021_05_23_13_31_04.blend using Guid(cefb1bbc4221ac943a7330dc121e8d1a) Importer(815301076,1909f56bfc062723c751e8b465ee728b)  -> (artifact id: '69b1c7590e5987d613e9458c4b316fc0') in 0.393732 seconds
  Import took 0.398656 seconds .

========================================================================
Received Import Request.
  Time since last request: 0.000323 seconds.
  path: Assets/Project/Prefabs/uka_tree.fbx
  artifactKey: Guid(56519e9fdb8a6f24b8820056548f7f20) Importer(815301076,1909f56bfc062723c751e8b465ee728b)
Start importing Assets/Project/Prefabs/uka_tree.fbx using Guid(56519e9fdb8a6f24b8820056548f7f20) Importer(815301076,1909f56bfc062723c751e8b465ee728b)  -> (artifact id: '5050fbbf0fcde5a55818deeac88956df') in 0.138040 seconds
  Import took 0.143407 seconds .

========================================================================
Received Import Request.
  Time since last request: 0.000923 seconds.
  path: Assets/Project/Inside/assets/wall2.fbx
  artifactKey: Guid(081303e08be2ab74fb0a0eb3ffc20ec1) Importer(815301076,1909f56bfc062723c751e8b465ee728b)
Start importing Assets/Project/Inside/assets/wall2.fbx using Guid(081303e08be2ab74fb0a0eb3ffc20ec1) Importer(815301076,1909f56bfc062723c751e8b465ee728b)  -> (artifact id: '4a3838a97d82134b6546a05ebe700bb1') in 0.139869 seconds
  Import took 0.144608 seconds .

========================================================================
Received Import Request.
  Time since last request: 0.000244 seconds.
  path: Assets/Modular Sofa FREE/Prefabs/8th_2014_Flowers.fbx
  artifactKey: Guid(9ecdbd90c5e65ea498b1c04fe1e6adbe) Importer(815301076,1909f56bfc062723c751e8b465ee728b)
Start importing Assets/Modular Sofa FREE/Prefabs/8th_2014_Flowers.fbx using Guid(9ecdbd90c5e65ea498b1c04fe1e6adbe) Importer(815301076,1909f56bfc062723c751e8b465ee728b)  -> (artifact id: '65569a7d2f0057f14e98672294159924') in 0.274600 seconds
  Import took 0.279268 seconds .

========================================================================
Received Import Request.
  Time since last request: 0.000247 seconds.
  path: Assets/Project/Inside/assets/wall1.fbx
  artifactKey: Guid(60f4cfd5ec6604b4fae44dbb0a1db0c6) Importer(815301076,1909f56bfc062723c751e8b465ee728b)
Start importing Assets/Project/Inside/assets/wall1.fbx using Guid(60f4cfd5ec6604b4fae44dbb0a1db0c6) Importer(815301076,1909f56bfc062723c751e8b465ee728b)  -> (artifact id: 'd3e0b9095201eaf8ee9508072b768a4c') in 0.080144 seconds
  Import took 0.094264 seconds .

========================================================================
Received Import Request.
  Time since last request: 0.002782 seconds.
  path: Assets/Project/Textures/Wall Floor Skirting Textures/Wall Textures/Livingroom Textures/Materials/Livingroom_Wall 2_AmbientOcclusion.mat
  artifactKey: Guid(9415246361218f443929991f9aa0235a) Importer(815301076,1909f56bfc062723c751e8b465ee728b)
Start importing Assets/Project/Textures/Wall Floor Skirting Textures/Wall Textures/Livingroom Textures/Materials/Livingroom_Wall 2_AmbientOcclusion.mat using Guid(9415246361218f443929991f9aa0235a) Importer(815301076,1909f56bfc062723c751e8b465ee728b)  -> (artifact id: 'dc988d6ef045685daf2cf3e7981864a7') in 0.143065 seconds
  Import took 0.159196 seconds .

========================================================================
Received Import Request.
  Time since last request: 0.000255 seconds.
  path: Assets/Project/Inside/texture/sofa/Materials/Leather011_1K_Color.mat
  artifactKey: Guid(f4ec68e9c94362847b059f5aa088aee6) Importer(815301076,1909f56bfc062723c751e8b465ee728b)
Start importing Assets/Project/Inside/texture/sofa/Materials/Leather011_1K_Color.mat using Guid(f4ec68e9c94362847b059f5aa088aee6) Importer(815301076,1909f56bfc062723c751e8b465ee728b)  -> (artifact id: 'b2d5389cc3d6eb46b637a3b77fe95a71') in 0.107009 seconds
  Import took 0.129431 seconds .

========================================================================
Received Import Request.
  Time since last request: 0.000289 seconds.
  path: Assets/Free_SpeedTrees/Broadleaf_Desktop Materials/LOD0/Leaves_3.mat
  artifactKey: Guid(08ba9becc65f6fc4ebb70f2a7d2c790f) Importer(815301076,1909f56bfc062723c751e8b465ee728b)
Start importing Assets/Free_SpeedTrees/Broadleaf_Desktop Materials/LOD0/Leaves_3.mat using Guid(08ba9becc65f6fc4ebb70f2a7d2c790f) Importer(815301076,1909f56bfc062723c751e8b465ee728b)  -> (artifact id: 'b6622ec16ac43aa934d32932a0e626dc') in 0.363030 seconds
  Import took 0.370169 seconds .

========================================================================
Received Import Request.
  Time since last request: 0.000315 seconds.
  path: Assets/Project/Prefabs/china_cabinet.fbx
  artifactKey: Guid(de58298cd7fe30848964e401949fe37d) Importer(815301076,1909f56bfc062723c751e8b465ee728b)
Start importing Assets/Project/Prefabs/china_cabinet.fbx using Guid(de58298cd7fe30848964e401949fe37d) Importer(815301076,1909f56bfc062723c751e8b465ee728b)  -> (artifact id: '41a883e591536f980d39b78e6078424c') in 0.242257 seconds
  Import took 0.245752 seconds .

========================================================================
Received Import Request.
  Time since last request: 0.000612 seconds.
  path: Assets/Project/Textures/Wall Floor Skirting Textures/Wall Textures/Livingroom Textures/Materials/Livingroom_Wall 2_MetallicSmoothness.mat
  artifactKey: Guid(ed688f44db277634193f356e4919dd1c) Importer(815301076,1909f56bfc062723c751e8b465ee728b)
Start importing Assets/Project/Textures/Wall Floor Skirting Textures/Wall Textures/Livingroom Textures/Materials/Livingroom_Wall 2_MetallicSmoothness.mat using Guid(ed688f44db277634193f356e4919dd1c) Importer(815301076,1909f56bfc062723c751e8b465ee728b)  -> (artifact id: 'cc932ae6f03eff5e8573893efc54ec9d') in 0.240833 seconds
  Import took 0.257436 seconds .

========================================================================
Received Import Request.
  Time since last request: 0.000242 seconds.
  path: Assets/Project/Inside/texture/metal2/Materials/Metal012_1K_Color.mat
  artifactKey: Guid(e35ceffa583726044a55eda690b1561f) Importer(815301076,1909f56bfc062723c751e8b465ee728b)
Start importing Assets/Project/Inside/texture/metal2/Materials/Metal012_1K_Color.mat using Guid(e35ceffa583726044a55eda690b1561f) Importer(815301076,1909f56bfc062723c751e8b465ee728b)  -> (artifact id: '24fe6122cd7a7d960c9845334b713dc7') in 0.171310 seconds
  Import took 0.218158 seconds .

========================================================================
Received Import Request.
  Time since last request: 0.001353 seconds.
  path: Assets/Cartoon_Texture_Pack/GRASS/GRASS_Flower/GRASS_Flower_Tint_02/Material/Grass_Flower_Tint_02_Rocks.mat
  artifactKey: Guid(438bebb537619934383f5748b89a6b81) Importer(815301076,1909f56bfc062723c751e8b465ee728b)
Start importing Assets/Cartoon_Texture_Pack/GRASS/GRASS_Flower/GRASS_Flower_Tint_02/Material/Grass_Flower_Tint_02_Rocks.mat using Guid(438bebb537619934383f5748b89a6b81) Importer(815301076,1909f56bfc062723c751e8b465ee728b)  -> (artifact id: '19daa46f1709c5ae00fdff24a87eedb2') in 0.613718 seconds
  Import took 0.619479 seconds .

========================================================================
Received Import Request.
  Time since last request: 0.000327 seconds.
  path: Assets/Project/Textures/Wall Floor Skirting Textures/Wall Textures/Kitchen Walls/Materials/Kitchen_Wall 2_MetallicSmoothness.mat
  artifactKey: Guid(345731090b3084f4593f89e20d384af7) Importer(815301076,1909f56bfc062723c751e8b465ee728b)
Start importing Assets/Project/Textures/Wall Floor Skirting Textures/Wall Textures/Kitchen Walls/Materials/Kitchen_Wall 2_MetallicSmoothness.mat using Guid(345731090b3084f4593f89e20d384af7) Importer(815301076,1909f56bfc062723c751e8b465ee728b)  -> (artifact id: '069eeedc3f42bee40359d86f241d2e57') in 0.637209 seconds
  Import took 0.661770 seconds .

========================================================================
Received Import Request.
  Time since last request: 0.003380 seconds.
  path: Assets/Free_SpeedTrees/Broadleaf_Mobile Materials/LOD0/Leaves_1.mat
  artifactKey: Guid(b2143a156779496499f0ddd7a8b7524d) Importer(815301076,1909f56bfc062723c751e8b465ee728b)
Start importing Assets/Free_SpeedTrees/Broadleaf_Mobile Materials/LOD0/Leaves_1.mat using Guid(b2143a156779496499f0ddd7a8b7524d) Importer(815301076,1909f56bfc062723c751e8b465ee728b)  -> (artifact id: 'b48d92c2cf6bf751ce49c7f8f37534ad') in 0.072919 seconds
  Import took 0.106926 seconds .

========================================================================
Received Import Request.
  Time since last request: 0.016730 seconds.
  path: Assets/Free_SpeedTrees/Broadleaf_Desktop Materials/LOD2/Leaves_3.mat
  artifactKey: Guid(d09dc834d70e17647bc0c09dc51a19b1) Importer(815301076,1909f56bfc062723c751e8b465ee728b)
Start importing Assets/Free_SpeedTrees/Broadleaf_Desktop Materials/LOD2/Leaves_3.mat using Guid(d09dc834d70e17647bc0c09dc51a19b1) Importer(815301076,1909f56bfc062723c751e8b465ee728b)  -> (artifact id: '1e4f5332f0fa477ec8811c7aff513e77') in 0.130834 seconds
  Import took 0.210315 seconds .

========================================================================
Received Import Request.
  Time since last request: 0.000597 seconds.
  path: Assets/Project/Prefabs/lowtable1.OBJ.blend
  artifactKey: Guid(db4e939e31c8f6d41b32031a99f686bb) Importer(815301076,1909f56bfc062723c751e8b465ee728b)
Start importing Assets/Project/Prefabs/lowtable1.OBJ.blend using Guid(db4e939e31c8f6d41b32031a99f686bb) Importer(815301076,1909f56bfc062723c751e8b465ee728b)  -> (artifact id: '5bab2d892e269a3fe9614cc39ebaecbe') in 0.992771 seconds
  Import took 0.997898 seconds .

========================================================================
Received Import Request.
  Time since last request: 0.000311 seconds.
  path: Assets/Free_SpeedTrees/Conifer_Desktop Materials/LOD1/Leaves_3.mat
  artifactKey: Guid(f021a9f63e01be44891cf35f2d5a61de) Importer(815301076,1909f56bfc062723c751e8b465ee728b)
Start importing Assets/Free_SpeedTrees/Conifer_Desktop Materials/LOD1/Leaves_3.mat using Guid(f021a9f63e01be44891cf35f2d5a61de) Importer(815301076,1909f56bfc062723c751e8b465ee728b)  -> (artifact id: '600969b70a4009d03ae69f17bc281d92') in 0.034521 seconds
  Import took 0.065623 seconds .

========================================================================
Received Import Request.
  Time since last request: 0.000279 seconds.
  path: Assets/Project/Immeuble/Handpainted_Forest_pack/Models/Source/Grass_v1_3.mat
  artifactKey: Guid(628ed950aa8383043806c5458764725f) Importer(815301076,1909f56bfc062723c751e8b465ee728b)
Start importing Assets/Project/Immeuble/Handpainted_Forest_pack/Models/Source/Grass_v1_3.mat using Guid(628ed950aa8383043806c5458764725f) Importer(815301076,1909f56bfc062723c751e8b465ee728b)  -> (artifact id: '2672f0841e3bd09f2ef946404dea1195') in 0.086844 seconds
  Import took 0.132062 seconds .

========================================================================
Received Import Request.
  Time since last request: 0.000271 seconds.
  path: Assets/Project/Textures/Wall Floor Skirting Textures/Floor Textures/Livingroom Floor Textures/Materials/Livingroom_Floor_AlbedoTransparency.mat
  artifactKey: Guid(5a1eceb34f89a72489b11d013cfbaa19) Importer(815301076,1909f56bfc062723c751e8b465ee728b)
Start importing Assets/Project/Textures/Wall Floor Skirting Textures/Floor Textures/Livingroom Floor Textures/Materials/Livingroom_Floor_AlbedoTransparency.mat using Guid(5a1eceb34f89a72489b11d013cfbaa19) Importer(815301076,1909f56bfc062723c751e8b465ee728b)  -> (artifact id: 'cd33c508783f8355395dfa7606a8072f') in 0.128435 seconds
  Import took 0.155881 seconds .

========================================================================
Received Import Request.
  Time since last request: 0.000689 seconds.
  path: Assets/Project/Icons/Material/icons8-dressing-table-96.mat
  artifactKey: Guid(81157886b66ee5544accaeb8d34dad41) Importer(815301076,1909f56bfc062723c751e8b465ee728b)
Start importing Assets/Project/Icons/Material/icons8-dressing-table-96.mat using Guid(81157886b66ee5544accaeb8d34dad41) Importer(815301076,1909f56bfc062723c751e8b465ee728b)  -> (artifact id: 'ddfd36d5ea0481cbe7b17776791228e0') in 0.068332 seconds
  Import took 0.072034 seconds .

========================================================================
Received Import Request.
  Time since last request: 0.000213 seconds.
  path: Assets/Project/Inside/assets/closetcouple.fbx
  artifactKey: Guid(048555a1d095eee4ebdf728fd4bce3ee) Importer(815301076,1909f56bfc062723c751e8b465ee728b)
Start importing Assets/Project/Inside/assets/closetcouple.fbx using Guid(048555a1d095eee4ebdf728fd4bce3ee) Importer(815301076,1909f56bfc062723c751e8b465ee728b)  -> (artifact id: '46ccb7736454fd053dffb7cb738eb013') in 0.669643 seconds
  Import took 0.915480 seconds .

========================================================================
Received Import Request.
  Time since last request: 0.000257 seconds.
  path: Assets/Project/Textures/Wall Floor Skirting Textures/Wall Textures/Kitchen Walls/Materials/Kitchen_Wall 2_AmbientOcclusion.mat
  artifactKey: Guid(29a50573a56d56649878a7e16d3fbe44) Importer(815301076,1909f56bfc062723c751e8b465ee728b)
Start importing Assets/Project/Textures/Wall Floor Skirting Textures/Wall Textures/Kitchen Walls/Materials/Kitchen_Wall 2_AmbientOcclusion.mat using Guid(29a50573a56d56649878a7e16d3fbe44) Importer(815301076,1909f56bfc062723c751e8b465ee728b)  -> (artifact id: 'a9f100d2108ddaf469a22448899089ed') in 0.201294 seconds
  Import took 0.482063 seconds .

========================================================================
Received Import Request.
  Time since last request: 0.000290 seconds.
  path: Assets/Modular Sofa FREE/Prefabs/Sketchfab_2021_05_23_13_25_16.blend
  artifactKey: Guid(830713cc37f35784ba48cbe273cdfa5a) Importer(815301076,1909f56bfc062723c751e8b465ee728b)
Start importing Assets/Modular Sofa FREE/Prefabs/Sketchfab_2021_05_23_13_25_16.blend using Guid(830713cc37f35784ba48cbe273cdfa5a) Importer(815301076,1909f56bfc062723c751e8b465ee728b)  -> (artifact id: '931ea1bce648ad7c4ef031398328cc16') in 0.428724 seconds
  Import took 0.701344 seconds .

========================================================================
Received Import Request.
  Time since last request: 0.000283 seconds.
  path: Assets/Project/Textures/Wall Floor Skirting Textures/Wall Textures/Livingroom Textures/Materials/Livingroom_Wall 2_AlbedoTransparency.mat
  artifactKey: Guid(0da3bf965b4051b4ebfc8032c81cf158) Importer(815301076,1909f56bfc062723c751e8b465ee728b)
Start importing Assets/Project/Textures/Wall Floor Skirting Textures/Wall Textures/Livingroom Textures/Materials/Livingroom_Wall 2_AlbedoTransparency.mat using Guid(0da3bf965b4051b4ebfc8032c81cf158) Importer(815301076,1909f56bfc062723c751e8b465ee728b)  -> (artifact id: '17228208dd686fc9c52fe43fcbaa6ca6') in 0.110653 seconds
  Import took 0.116746 seconds .

========================================================================
Received Import Request.
  Time since last request: 0.000336 seconds.
  path: Assets/Project/Inside/texture/metal/Materials/Metal036_1K_Color.mat
  artifactKey: Guid(d90f3dffe999e8f4ab0effb1e7246f3b) Importer(815301076,1909f56bfc062723c751e8b465ee728b)
Start importing Assets/Project/Inside/texture/metal/Materials/Metal036_1K_Color.mat using Guid(d90f3dffe999e8f4ab0effb1e7246f3b) Importer(815301076,1909f56bfc062723c751e8b465ee728b)  -> (artifact id: 'f483a5f536e2a15c58e2868ca3fab90e') in 0.084145 seconds
  Import took 0.101065 seconds .

========================================================================
Received Import Request.
  Time since last request: 0.000414 seconds.
  path: Assets/Free_SpeedTrees/Broadleaf_Desktop Materials/LOD1/Leaves_3.mat
  artifactKey: Guid(5651c5078d07fb94ca104389f5d24080) Importer(815301076,1909f56bfc062723c751e8b465ee728b)
Start importing Assets/Free_SpeedTrees/Broadleaf_Desktop Materials/LOD1/Leaves_3.mat using Guid(5651c5078d07fb94ca104389f5d24080) Importer(815301076,1909f56bfc062723c751e8b465ee728b)  -> (artifact id: '53261c32d2f5fad4375d5cc5f4920a24') in 0.044350 seconds
  Import took 0.065063 seconds .

========================================================================
Received Import Request.
  Time since last request: 0.000353 seconds.
  path: Assets/Project/Inside/texture/steel/Materials/Metal003_1K_Color.mat
  artifactKey: Guid(b96b59e19968244469696eeb907e4ed6) Importer(815301076,1909f56bfc062723c751e8b465ee728b)
Start importing Assets/Project/Inside/texture/steel/Materials/Metal003_1K_Color.mat using Guid(b96b59e19968244469696eeb907e4ed6) Importer(815301076,1909f56bfc062723c751e8b465ee728b)  -> (artifact id: '8875be4f5454ecfba79f7cc75d6e7096') in 0.087525 seconds
  Import took 0.091803 seconds .

========================================================================
Received Import Request.
  Time since last request: 0.001389 seconds.
  path: Assets/Project/Inside/Material/marble noir2.mat
  artifactKey: Guid(622420a116f6b5e4fae3b30dc93ae6b9) Importer(815301076,1909f56bfc062723c751e8b465ee728b)
Start importing Assets/Project/Inside/Material/marble noir2.mat using Guid(622420a116f6b5e4fae3b30dc93ae6b9) Importer(815301076,1909f56bfc062723c751e8b465ee728b)  -> (artifact id: '5c39ef8d74f214de098564b221138edd') in 0.079741 seconds
  Import took 0.092986 seconds .

========================================================================
Received Import Request.
  Time since last request: 0.003972 seconds.
  path: Assets/Modular Sofa FREE/Prefabs/sofa1.fbx
  artifactKey: Guid(fbf5c5f6dd5fb7b43b36ff74e3f38b91) Importer(815301076,1909f56bfc062723c751e8b465ee728b)
Start importing Assets/Modular Sofa FREE/Prefabs/sofa1.fbx using Guid(fbf5c5f6dd5fb7b43b36ff74e3f38b91) Importer(815301076,1909f56bfc062723c751e8b465ee728b)  -> (artifact id: '96d7bec5fcab673e84cbad6e02724600') in 0.116384 seconds
  Import took 0.144942 seconds .

========================================================================
Received Import Request.
  Time since last request: 0.000301 seconds.
  path: Assets/Free_SpeedTrees/Conifer_Desktop Materials/LOD0/Leaves_3.mat
  artifactKey: Guid(b0e7df89ad7c3a24ea37a1c13834cff4) Importer(815301076,1909f56bfc062723c751e8b465ee728b)
Start importing Assets/Free_SpeedTrees/Conifer_Desktop Materials/LOD0/Leaves_3.mat using Guid(b0e7df89ad7c3a24ea37a1c13834cff4) Importer(815301076,1909f56bfc062723c751e8b465ee728b)  -> (artifact id: '74a3665a4abdd365c8cbc19215bee441') in 0.027831 seconds
  Import took 0.056219 seconds .

========================================================================
Received Import Request.
  Time since last request: 0.000278 seconds.
  path: Assets/Modular Sofa FREE/Prefabs/model.fbx
  artifactKey: Guid(4ab50f5d1ea0fe14b9ce8bbfec721802) Importer(815301076,1909f56bfc062723c751e8b465ee728b)
Start importing Assets/Modular Sofa FREE/Prefabs/model.fbx using Guid(4ab50f5d1ea0fe14b9ce8bbfec721802) Importer(815301076,1909f56bfc062723c751e8b465ee728b)  -> (artifact id: '0be51768b7ac474c6ce96f3b2c7da721') in 0.308254 seconds
  Import took 0.399468 seconds .

========================================================================
Received Import Request.
  Time since last request: 0.000488 seconds.
  path: Assets/Project/Prefabs/Sketchfab_2021_05_23_13_25_16.blend
  artifactKey: Guid(4270d121582074d4a9891fd0e98f61cb) Importer(815301076,1909f56bfc062723c751e8b465ee728b)
Start importing Assets/Project/Prefabs/Sketchfab_2021_05_23_13_25_16.blend using Guid(4270d121582074d4a9891fd0e98f61cb) Importer(815301076,1909f56bfc062723c751e8b465ee728b)  -> (artifact id: '114860b4c89abadd4b58f80a1fe16864') in 0.201256 seconds
  Import took 0.208101 seconds .

========================================================================
Received Import Request.
  Time since last request: 0.000259 seconds.
  path: Assets/Project/Materials/Wall Floor Skirting Materials/Ground_White_Mat.mat
  artifactKey: Guid(19ca90bcfe476724a969edb880129206) Importer(815301076,1909f56bfc062723c751e8b465ee728b)
Start importing Assets/Project/Materials/Wall Floor Skirting Materials/Ground_White_Mat.mat using Guid(19ca90bcfe476724a969edb880129206) Importer(815301076,1909f56bfc062723c751e8b465ee728b)  -> (artifact id: 'df92ef759cf1984771ae92139a3e4ce0') in 0.044095 seconds
  Import took 0.071213 seconds .

========================================================================
Received Import Request.
  Time since last request: 0.000907 seconds.
  path: Assets/Project/Prefabs/bucket.fbx
  artifactKey: Guid(890314969717e12468547ad4ae071922) Importer(815301076,1909f56bfc062723c751e8b465ee728b)
Start importing Assets/Project/Prefabs/bucket.fbx using Guid(890314969717e12468547ad4ae071922) Importer(815301076,1909f56bfc062723c751e8b465ee728b)  -> (artifact id: 'a9d1301775dd8042d167601b82120006') in 0.129399 seconds
  Import took 0.135786 seconds .

========================================================================
Received Import Request.
  Time since last request: 0.000388 seconds.
  path: Assets/Project/Inside/assets/deco.fbx
  artifactKey: Guid(5feffdee0f667a148856fd5eda09da3f) Importer(815301076,1909f56bfc062723c751e8b465ee728b)
Start importing Assets/Project/Inside/assets/deco.fbx using Guid(5feffdee0f667a148856fd5eda09da3f) Importer(815301076,1909f56bfc062723c751e8b465ee728b)  -> (artifact id: '82883cc3165f2f9242463edfe5de565c') in 0.272823 seconds
  Import took 0.282172 seconds .

========================================================================
Received Import Request.
  Time since last request: 0.000262 seconds.
  path: Assets/Free_SpeedTrees/Palm_Desktop Materials/LOD1/Leaves_3.mat
  artifactKey: Guid(fc6be17d7e88b6c4994b91210d9f6de6) Importer(815301076,1909f56bfc062723c751e8b465ee728b)
Start importing Assets/Free_SpeedTrees/Palm_Desktop Materials/LOD1/Leaves_3.mat using Guid(fc6be17d7e88b6c4994b91210d9f6de6) Importer(815301076,1909f56bfc062723c751e8b465ee728b)  -> (artifact id: 'a1a30bc08f618b22b93a82cb74037cbc') in 0.229629 seconds
  Import took 0.232983 seconds .

========================================================================
Received Import Request.
  Time since last request: 0.000099 seconds.
  path: Assets/Project/Inside/Material/metal2.mat
  artifactKey: Guid(7ae53fc52ad59a54bb2ac90afc5d61bd) Importer(815301076,1909f56bfc062723c751e8b465ee728b)
Start importing Assets/Project/Inside/Material/metal2.mat using Guid(7ae53fc52ad59a54bb2ac90afc5d61bd) Importer(815301076,1909f56bfc062723c751e8b465ee728b)  -> (artifact id: '4bd31bce068528011fb00a5add154849') in 0.164630 seconds
  Import took 0.185120 seconds .

========================================================================
Received Import Request.
  Time since last request: 0.000316 seconds.
  path: Assets/Project/Inside/assets/wall3.fbx
  artifactKey: Guid(fbb32e35b8a1f194f972ec1074d5e03e) Importer(815301076,1909f56bfc062723c751e8b465ee728b)
Start importing Assets/Project/Inside/assets/wall3.fbx using Guid(fbb32e35b8a1f194f972ec1074d5e03e) Importer(815301076,1909f56bfc062723c751e8b465ee728b)  -> (artifact id: '2d781e77429c4654a217300700763b2d') in 0.121332 seconds
  Import took 0.132894 seconds .

========================================================================
Received Import Request.
  Time since last request: 0.000289 seconds.
  path: Assets/Free_SpeedTrees/Palm_Desktop Materials/LOD0/Leaves_3.mat
  artifactKey: Guid(37dd6b4744ead2942a1d95a417b99d5e) Importer(815301076,1909f56bfc062723c751e8b465ee728b)
Start importing Assets/Free_SpeedTrees/Palm_Desktop Materials/LOD0/Leaves_3.mat using Guid(37dd6b4744ead2942a1d95a417b99d5e) Importer(815301076,1909f56bfc062723c751e8b465ee728b)  -> (artifact id: '9478083340d7d6af9c6021be152f14e3') in 0.037162 seconds
  Import took 0.042406 seconds .

AssetImportWorkerClient::OnTransportError - code=2 error=End of file
